<?xml version="1.0" encoding="UTF-8"?>
<testsuite name="FizzBuzzTest" tests="4" skipped="0" failures="0" errors="0" timestamp="2022-04-25T17:14:50" hostname="Julianas-MacBook-Pro.local" time="0.024">
  <properties/>
  <testcase name="whenANumberThatIsMultipleOfThreeIsEnteredShouldReturnFizz()" classname="FizzBuzzTest" time="0.019"/>
  <testcase name="whenANumberThatIsMultipleOfFiveIsEnteredShouldReturnBuzz()" classname="FizzBuzzTest" time="0.001"/>
  <testcase name="whenANumberThatIsMultipleOfFiveAndThreeIsEnteredShouldReturnFizzBuzz()" classname="FizzBuzzTest" time="0.001"/>
  <testcase name="whenANumberThatIsNotMultipleOfThreeOrFiveIsEnteredShouldReturnTheSameNumber()" classname="FizzBuzzTest" time="0.001"/>
  <system-out><![CDATA[]]></system-out>
  <system-err><![CDATA[]]></system-err>
</testsuite>
